C:\Program Files (x86)\MATLAB\R2013a\toolbox\instrument\instrument\@Bluetooth\Bluetooth.m 
  called by C:\Program Files (x86)\MATLAB\R2013a\toolbox\matlab\iofun\instrfind.m 
(C:\Program Files (x86)\MATLAB\R2013a\toolbox\compiler\depfun.opts, line 7: 
exclude if $caller in [$toolbox/matlab, $toolbox/daq] and ...
           $file in $toolbox and ...
           $file not in [$toolbox/matlab, $toolbox/shared, $toolbox/compiler] ...
           and not ($file in $toolbox/distcomp and $caller in $toolbox/matlab)) 
C:\Program Files (x86)\MATLAB\R2013a\toolbox\instrument\instrument\@i2c\i2c.m 
  called by C:\Program Files (x86)\MATLAB\R2013a\toolbox\matlab\iofun\instrfind.m 
(C:\Program Files (x86)\MATLAB\R2013a\toolbox\compiler\depfun.opts, line 7: 
exclude if $caller in [$toolbox/matlab, $toolbox/daq] and ...
           $file in $toolbox and ...
           $file not in [$toolbox/matlab, $toolbox/shared, $toolbox/compiler] ...
           and not ($file in $toolbox/distcomp and $caller in $toolbox/matlab)) 
C:\Program Files (x86)\MATLAB\R2013a\toolbox\instrument\instrument\@i2c\i2c.m 
  called by C:\Program Files (x86)\MATLAB\R2013a\toolbox\matlab\iofun\instrfindall.m 
(C:\Program Files (x86)\MATLAB\R2013a\toolbox\compiler\depfun.opts, line 7: 
exclude if $caller in [$toolbox/matlab, $toolbox/daq] and ...
           $file in $toolbox and ...
           $file not in [$toolbox/matlab, $toolbox/shared, $toolbox/compiler] ...
           and not ($file in $toolbox/distcomp and $caller in $toolbox/matlab)) 
C:\Program Files (x86)\MATLAB\R2013a\toolbox\globaloptim\globaloptimdemos\gaplotbestfun.m 
  called by C:\Program Files (x86)\MATLAB\R2013a\toolbox\globaloptim\globaloptim\private\gaminlpplotbestfun.p 
(because of toolbox compilability rules) 
